# JRE version: Java(TM) SE Runtime Environment (8.0_144-b01) (build 1.8.0_144-b01)
# Java VM: Java HotSpot(TM) 64-Bit Server VM (25.144-b01 mixed mode windows-amd64 compressed oops)
Heap:
 PSYoungGen      total 525824K, used 326887K [0x00000000d5f00000, 0x0000000100000000, 0x0000000100000000)
  eden space 379904K, 56% used [0x00000000d5f00000,0x00000000e304d730,0x00000000ed200000)
  from space 145920K, 77% used [0x00000000f7080000,0x00000000fde6c650,0x00000000fff00000)
  to   space 154624K, 0% used [0x00000000ed200000,0x00000000ed200000,0x00000000f6900000)
 ParOldGen       total 1379328K, used 1234511K [0x0000000081c00000, 0x00000000d5f00000, 0x00000000d5f00000)
  object space 1379328K, 89% used [0x0000000081c00000,0x00000000cd193f78,0x00000000d5f00000)
 Metaspace       used 8758K, capacity 8883K, committed 9088K, reserved 1056768K
  class space    used 819K, capacity 880K, committed 896K, reserved 1048576K
GC Heap History (10 events):
Event: 215.536 GC heap before
{Heap before GC invocations=77 (full 7):
 PSYoungGen      total 489472K, used 65856K [0x00000000d5f00000, 0x00000000fe100000, 0x0000000100000000)
  eden space 344064K, 0% used [0x00000000d5f00000,0x00000000d5f00000,0x00000000eaf00000)
  from space 145408K, 45% used [0x00000000f5300000,0x00000000f9350000,0x00000000fe100000)
  to   space 156672K, 0% used [0x00000000eaf00000,0x00000000eaf00000,0x00000000f4800000)
 ParOldGen       total 1197056K, used 1179901K [0x0000000081c00000, 0x00000000cad00000, 0x00000000d5f00000)
  object space 1197056K, 98% used [0x0000000081c00000,0x00000000c9c3f678,0x00000000cad00000)
 Metaspace       used 8758K, capacity 8883K, committed 9088K, reserved 1056768K
  class space    used 819K, capacity 880K, committed 896K, reserved 1048576K
Event: 222.081 GC heap after
Heap after GC invocations=77 (full 7):
 PSYoungGen      total 489472K, used 42014K [0x00000000d5f00000, 0x00000000fe100000, 0x0000000100000000)
  eden space 344064K, 0% used [0x00000000d5f00000,0x00000000d5f00000,0x00000000eaf00000)
  from space 145408K, 28% used [0x00000000f5300000,0x00000000f7c07ba8,0x00000000fe100000)
  to   space 156672K, 0% used [0x00000000eaf00000,0x00000000eaf00000,0x00000000f4800000)
 ParOldGen       total 1379328K, used 1196775K [0x0000000081c00000, 0x00000000d5f00000, 0x00000000d5f00000)
  object space 1379328K, 86% used [0x0000000081c00000,0x00000000cacb9f78,0x00000000d5f00000)
 Metaspace       used 8758K, capacity 8883K, committed 9088K, reserved 1056768K
  class space    used 819K, capacity 880K, committed 896K, reserved 1048576K
}
Event: 227.209 GC heap before
{Heap before GC invocations=78 (full 7):
 PSYoungGen      total 489472K, used 386078K [0x00000000d5f00000, 0x00000000fe100000, 0x0000000100000000)
  eden space 344064K, 100% used [0x00000000d5f00000,0x00000000eaf00000,0x00000000eaf00000)
  from space 145408K, 28% used [0x00000000f5300000,0x00000000f7c07ba8,0x00000000fe100000)
  to   space 156672K, 0% used [0x00000000eaf00000,0x00000000eaf00000,0x00000000f4800000)
 ParOldGen       total 1379328K, used 1196775K [0x0000000081c00000, 0x00000000d5f00000, 0x00000000d5f00000)
  object space 1379328K, 86% used [0x0000000081c00000,0x00000000cacb9f78,0x00000000d5f00000)
 Metaspace       used 8758K, capacity 8883K, committed 9088K, reserved 1056768K
  class space    used 819K, capacity 880K, committed 896K, reserved 1048576K
Event: 227.387 GC heap after
Heap after GC invocations=78 (full 7):
 PSYoungGen      total 500736K, used 31662K [0x00000000d5f00000, 0x00000000ff880000, 0x0000000100000000)
  eden space 344064K, 0% used [0x00000000d5f00000,0x00000000d5f00000,0x00000000eaf00000)
  from space 156672K, 20% used [0x00000000eaf00000,0x00000000ecdeb890,0x00000000f4800000)
  to   space 154624K, 0% used [0x00000000f6180000,0x00000000f6180000,0x00000000ff880000)
 ParOldGen       total 1379328K, used 1234511K [0x0000000081c00000, 0x00000000d5f00000, 0x00000000d5f00000)
  object space 1379328K, 89% used [0x0000000081c00000,0x00000000cd193f78,0x00000000d5f00000)
 Metaspace       used 8758K, capacity 8883K, committed 9088K, reserved 1056768K
  class space    used 819K, capacity 880K, committed 896K, reserved 1048576K
}
Event: 232.778 GC heap before
{Heap before GC invocations=79 (full 7):
 PSYoungGen      total 500736K, used 375726K [0x00000000d5f00000, 0x00000000ff880000, 0x0000000100000000)
  eden space 344064K, 100% used [0x00000000d5f00000,0x00000000eaf00000,0x00000000eaf00000)
  from space 156672K, 20% used [0x00000000eaf00000,0x00000000ecdeb890,0x00000000f4800000)
  to   space 154624K, 0% used [0x00000000f6180000,0x00000000f6180000,0x00000000ff880000)
 ParOldGen       total 1379328K, used 1234511K [0x0000000081c00000, 0x00000000d5f00000, 0x00000000d5f00000)
  object space 1379328K, 89% used [0x0000000081c00000,0x00000000cd193f78,0x00000000d5f00000)
 Metaspace       used 8758K, capacity 8883K, committed 9088K, reserved 1056768K
  class space    used 819K, capacity 880K, committed 896K, reserved 1048576K
Event: 232.822 GC heap after
Heap after GC invocations=79 (full 7):
 PSYoungGen      total 505344K, used 56494K [0x00000000d5f00000, 0x00000000fe700000, 0x0000000100000000)
  eden space 368640K, 0% used [0x00000000d5f00000,0x00000000d5f00000,0x00000000ec700000)
  from space 136704K, 41% used [0x00000000f6180000,0x00000000f98ab890,0x00000000fe700000)
  to   space 147456K, 0% used [0x00000000ec700000,0x00000000ec700000,0x00000000f5700000)
 ParOldGen       total 1379328K, used 1234511K [0x0000000081c00000, 0x00000000d5f00000, 0x00000000d5f00000)
  object space 1379328K, 89% used [0x0000000081c00000,0x00000000cd193f78,0x00000000d5f00000)
 Metaspace       used 8758K, capacity 8883K, committed 9088K, reserved 1056768K
  class space    used 819K, capacity 880K, committed 896K, reserved 1048576K
}
Event: 239.573 GC heap before
{Heap before GC invocations=80 (full 7):
 PSYoungGen      total 505344K, used 425134K [0x00000000d5f00000, 0x00000000fe700000, 0x0000000100000000)
  eden space 368640K, 100% used [0x00000000d5f00000,0x00000000ec700000,0x00000000ec700000)
  from space 136704K, 41% used [0x00000000f6180000,0x00000000f98ab890,0x00000000fe700000)
  to   space 147456K, 0% used [0x00000000ec700000,0x00000000ec700000,0x00000000f5700000)
 ParOldGen       total 1379328K, used 1234511K [0x0000000081c00000, 0x00000000d5f00000, 0x00000000d5f00000)
  object space 1379328K, 89% used [0x0000000081c00000,0x00000000cd193f78,0x00000000d5f00000)
 Metaspace       used 8758K, capacity 8883K, committed 9088K, reserved 1056768K
  class space    used 819K, capacity 880K, committed 896K, reserved 1048576K
Event: 239.797 GC heap after
Heap after GC invocations=80 (full 7):
 PSYoungGen      total 516096K, used 83278K [0x00000000d5f00000, 0x00000000fff00000, 0x0000000100000000)
  eden space 368640K, 0% used [0x00000000d5f00000,0x00000000d5f00000,0x00000000ec700000)
  from space 147456K, 56% used [0x00000000ec700000,0x00000000f1853890,0x00000000f5700000)
  to   space 145920K, 0% used [0x00000000f7080000,0x00000000f7080000,0x00000000fff00000)
 ParOldGen       total 1379328K, used 1234511K [0x0000000081c00000, 0x00000000d5f00000, 0x00000000d5f00000)
  object space 1379328K, 89% used [0x0000000081c00000,0x00000000cd193f78,0x00000000d5f00000)
 Metaspace       used 8758K, capacity 8883K, committed 9088K, reserved 1056768K
  class space    used 819K, capacity 880K, committed 896K, reserved 1048576K
}
Event: 246.964 GC heap before
{Heap before GC invocations=81 (full 7):
 PSYoungGen      total 516096K, used 451918K [0x00000000d5f00000, 0x00000000fff00000, 0x0000000100000000)
  eden space 368640K, 100% used [0x00000000d5f00000,0x00000000ec700000,0x00000000ec700000)
  from space 147456K, 56% used [0x00000000ec700000,0x00000000f1853890,0x00000000f5700000)
  to   space 145920K, 0% used [0x00000000f7080000,0x00000000f7080000,0x00000000fff00000)
 ParOldGen       total 1379328K, used 1234511K [0x0000000081c00000, 0x00000000d5f00000, 0x00000000d5f00000)
  object space 1379328K, 89% used [0x0000000081c00000,0x00000000cd193f78,0x00000000d5f00000)
 Metaspace       used 8758K, capacity 8883K, committed 9088K, reserved 1056768K
  class space    used 819K, capacity 880K, committed 896K, reserved 1048576K
Event: 247.455 GC heap after
Heap after GC invocations=81 (full 7):
 PSYoungGen      total 525824K, used 112561K [0x00000000d5f00000, 0x0000000100000000, 0x0000000100000000)
  eden space 379904K, 0% used [0x00000000d5f00000,0x00000000d5f00000,0x00000000ed200000)
  from space 145920K, 77% used [0x00000000f7080000,0x00000000fde6c650,0x00000000fff00000)
  to   space 154624K, 0% used [0x00000000ed200000,0x00000000ed200000,0x00000000f6900000)
 ParOldGen       total 1379328K, used 1234511K [0x0000000081c00000, 0x00000000d5f00000, 0x00000000d5f00000)
  object space 1379328K, 89% used [0x0000000081c00000,0x00000000cd193f78,0x00000000d5f00000)
 Metaspace       used 8758K, capacity 8883K, committed 9088K, reserved 1056768K
  class space    used 819K, capacity 880K, committed 896K, reserved 1048576K
}

