# JRE version: Java(TM) SE Runtime Environment (8.0_144-b01) (build 1.8.0_144-b01)
# Java VM: Java HotSpot(TM) 64-Bit Server VM (25.144-b01 mixed mode windows-amd64 compressed oops)
Heap:
 PSYoungGen      total 26112K, used 10194K [0x00000000d5f00000, 0x00000000d8480000, 0x0000000100000000)
  eden space 24064K, 34% used [0x00000000d5f00000,0x00000000d6706988,0x00000000d7680000)
  from space 2048K, 96% used [0x00000000d7680000,0x00000000d786e148,0x00000000d7880000)
  to   space 7168K, 0% used [0x00000000d7d80000,0x00000000d7d80000,0x00000000d8480000)
 ParOldGen       total 87552K, used 49829K [0x0000000081c00000, 0x0000000087180000, 0x00000000d5f00000)
  object space 87552K, 56% used [0x0000000081c00000,0x0000000084ca9620,0x0000000087180000)
 Metaspace       used 8699K, capacity 8787K, committed 9088K, reserved 1056768K
  class space    used 816K, capacity 848K, committed 896K, reserved 1048576K
GC Heap History (10 events):
Event: 140.513 GC heap before
{Heap before GC invocations=23 (full 0):
 PSYoungGen      total 31744K, used 25952K [0x00000000d5f00000, 0x00000000d8780000, 0x0000000100000000)
  eden space 24064K, 100% used [0x00000000d5f00000,0x00000000d7680000,0x00000000d7680000)
  from space 7680K, 24% used [0x00000000d8000000,0x00000000d81d8000,0x00000000d8780000)
  to   space 8704K, 0% used [0x00000000d7680000,0x00000000d7680000,0x00000000d7f00000)
 ParOldGen       total 87552K, used 41468K [0x0000000081c00000, 0x0000000087180000, 0x00000000d5f00000)
  object space 87552K, 47% used [0x0000000081c00000,0x000000008447f2c8,0x0000000087180000)
 Metaspace       used 8699K, capacity 8787K, committed 9088K, reserved 1056768K
  class space    used 816K, capacity 848K, committed 896K, reserved 1048576K
Event: 140.516 GC heap after
Heap after GC invocations=23 (full 0):
 PSYoungGen      total 32768K, used 1944K [0x00000000d5f00000, 0x00000000d8780000, 0x0000000100000000)
  eden space 24064K, 0% used [0x00000000d5f00000,0x00000000d5f00000,0x00000000d7680000)
  from space 8704K, 22% used [0x00000000d7680000,0x00000000d7866358,0x00000000d7f00000)
  to   space 8704K, 0% used [0x00000000d7f00000,0x00000000d7f00000,0x00000000d8780000)
 ParOldGen       total 87552K, used 43148K [0x0000000081c00000, 0x0000000087180000, 0x00000000d5f00000)
  object space 87552K, 49% used [0x0000000081c00000,0x00000000846232c8,0x0000000087180000)
 Metaspace       used 8699K, capacity 8787K, committed 9088K, reserved 1056768K
  class space    used 816K, capacity 848K, committed 896K, reserved 1048576K
}
Event: 144.726 GC heap before
{Heap before GC invocations=24 (full 0):
 PSYoungGen      total 32768K, used 26008K [0x00000000d5f00000, 0x00000000d8780000, 0x0000000100000000)
  eden space 24064K, 100% used [0x00000000d5f00000,0x00000000d7680000,0x00000000d7680000)
  from space 8704K, 22% used [0x00000000d7680000,0x00000000d7866358,0x00000000d7f00000)
  to   space 8704K, 0% used [0x00000000d7f00000,0x00000000d7f00000,0x00000000d8780000)
 ParOldGen       total 87552K, used 43148K [0x0000000081c00000, 0x0000000087180000, 0x00000000d5f00000)
  object space 87552K, 49% used [0x0000000081c00000,0x00000000846232c8,0x0000000087180000)
 Metaspace       used 8699K, capacity 8787K, committed 9088K, reserved 1056768K
  class space    used 816K, capacity 848K, committed 896K, reserved 1048576K
Event: 144.737 GC heap after
Heap after GC invocations=24 (full 0):
 PSYoungGen      total 31744K, used 1856K [0x00000000d5f00000, 0x00000000d8680000, 0x0000000100000000)
  eden space 24064K, 0% used [0x00000000d5f00000,0x00000000d5f00000,0x00000000d7680000)
  from space 7680K, 24% used [0x00000000d7f00000,0x00000000d80d0000,0x00000000d8680000)
  to   space 8192K, 0% used [0x00000000d7680000,0x00000000d7680000,0x00000000d7e80000)
 ParOldGen       total 87552K, used 44885K [0x0000000081c00000, 0x0000000087180000, 0x00000000d5f00000)
  object space 87552K, 51% used [0x0000000081c00000,0x00000000847d5620,0x0000000087180000)
 Metaspace       used 8699K, capacity 8787K, committed 9088K, reserved 1056768K
  class space    used 816K, capacity 848K, committed 896K, reserved 1048576K
}
Event: 149.103 GC heap before
{Heap before GC invocations=25 (full 0):
 PSYoungGen      total 31744K, used 25920K [0x00000000d5f00000, 0x00000000d8680000, 0x0000000100000000)
  eden space 24064K, 100% used [0x00000000d5f00000,0x00000000d7680000,0x00000000d7680000)
  from space 7680K, 24% used [0x00000000d7f00000,0x00000000d80d0000,0x00000000d8680000)
  to   space 8192K, 0% used [0x00000000d7680000,0x00000000d7680000,0x00000000d7e80000)
 ParOldGen       total 87552K, used 44885K [0x0000000081c00000, 0x0000000087180000, 0x00000000d5f00000)
  object space 87552K, 51% used [0x0000000081c00000,0x00000000847d5620,0x0000000087180000)
 Metaspace       used 8699K, capacity 8787K, committed 9088K, reserved 1056768K
  class space    used 816K, capacity 848K, committed 896K, reserved 1048576K
Event: 149.106 GC heap after
Heap after GC invocations=25 (full 0):
 PSYoungGen      total 32256K, used 1824K [0x00000000d5f00000, 0x00000000d8680000, 0x0000000100000000)
  eden space 24064K, 0% used [0x00000000d5f00000,0x00000000d5f00000,0x00000000d7680000)
  from space 8192K, 22% used [0x00000000d7680000,0x00000000d7848000,0x00000000d7e80000)
  to   space 8192K, 0% used [0x00000000d7e80000,0x00000000d7e80000,0x00000000d8680000)
 ParOldGen       total 87552K, used 46541K [0x0000000081c00000, 0x0000000087180000, 0x00000000d5f00000)
  object space 87552K, 53% used [0x0000000081c00000,0x0000000084973620,0x0000000087180000)
 Metaspace       used 8699K, capacity 8787K, committed 9088K, reserved 1056768K
  class space    used 816K, capacity 848K, committed 896K, reserved 1048576K
}
Event: 155.227 GC heap before
{Heap before GC invocations=26 (full 0):
 PSYoungGen      total 32256K, used 25888K [0x00000000d5f00000, 0x00000000d8680000, 0x0000000100000000)
  eden space 24064K, 100% used [0x00000000d5f00000,0x00000000d7680000,0x00000000d7680000)
  from space 8192K, 22% used [0x00000000d7680000,0x00000000d7848000,0x00000000d7e80000)
  to   space 8192K, 0% used [0x00000000d7e80000,0x00000000d7e80000,0x00000000d8680000)
 ParOldGen       total 87552K, used 46541K [0x0000000081c00000, 0x0000000087180000, 0x00000000d5f00000)
  object space 87552K, 53% used [0x0000000081c00000,0x0000000084973620,0x0000000087180000)
 Metaspace       used 8699K, capacity 8787K, committed 9088K, reserved 1056768K
  class space    used 816K, capacity 848K, committed 896K, reserved 1048576K
Event: 155.237 GC heap after
Heap after GC invocations=26 (full 0):
 PSYoungGen      total 31232K, used 1824K [0x00000000d5f00000, 0x00000000d8580000, 0x0000000100000000)
  eden space 24064K, 0% used [0x00000000d5f00000,0x00000000d5f00000,0x00000000d7680000)
  from space 7168K, 25% used [0x00000000d7e80000,0x00000000d8048000,0x00000000d8580000)
  to   space 7680K, 0% used [0x00000000d7680000,0x00000000d7680000,0x00000000d7e00000)
 ParOldGen       total 87552K, used 48197K [0x0000000081c00000, 0x0000000087180000, 0x00000000d5f00000)
  object space 87552K, 55% used [0x0000000081c00000,0x0000000084b11620,0x0000000087180000)
 Metaspace       used 8699K, capacity 8787K, committed 9088K, reserved 1056768K
  class space    used 816K, capacity 848K, committed 896K, reserved 1048576K
}
Event: 165.109 GC heap before
{Heap before GC invocations=27 (full 0):
 PSYoungGen      total 31232K, used 25888K [0x00000000d5f00000, 0x00000000d8580000, 0x0000000100000000)
  eden space 24064K, 100% used [0x00000000d5f00000,0x00000000d7680000,0x00000000d7680000)
  from space 7168K, 25% used [0x00000000d7e80000,0x00000000d8048000,0x00000000d8580000)
  to   space 7680K, 0% used [0x00000000d7680000,0x00000000d7680000,0x00000000d7e00000)
 ParOldGen       total 87552K, used 48197K [0x0000000081c00000, 0x0000000087180000, 0x00000000d5f00000)
  object space 87552K, 55% used [0x0000000081c00000,0x0000000084b11620,0x0000000087180000)
 Metaspace       used 8699K, capacity 8787K, committed 9088K, reserved 1056768K
  class space    used 816K, capacity 848K, committed 896K, reserved 1048576K
Event: 165.603 GC heap after
Heap after GC invocations=27 (full 0):
 PSYoungGen      total 26112K, used 1976K [0x00000000d5f00000, 0x00000000d8480000, 0x0000000100000000)
  eden space 24064K, 0% used [0x00000000d5f00000,0x00000000d5f00000,0x00000000d7680000)
  from space 2048K, 96% used [0x00000000d7680000,0x00000000d786e148,0x00000000d7880000)
  to   space 7168K, 0% used [0x00000000d7d80000,0x00000000d7d80000,0x00000000d8480000)
 ParOldGen       total 87552K, used 49829K [0x0000000081c00000, 0x0000000087180000, 0x00000000d5f00000)
  object space 87552K, 56% used [0x0000000081c00000,0x0000000084ca9620,0x0000000087180000)
 Metaspace       used 8699K, capacity 8787K, committed 9088K, reserved 1056768K
  class space    used 816K, capacity 848K, committed 896K, reserved 1048576K
}

